# Logfile created on Tue Nov 09 12:26:26 +0800 2010  [4;36;1mSQL (0.0ms)[0m   [0;1mSET NAMES 'utf8'[0m
  [4;35;1mSQL (0.0ms)[0m   [0mSET SQL_AUTO_IS_NULL=0[0m


Processing Admin::SessionsController#new (for 127.0.0.1 at 2010-11-09 12:26:32) [GET]
Rendering template within layouts/admin/login
Rendering admin/sessions/new
Completed in 109ms (View: 109, DB: 0) | 200 OK [http://localhost/]
  [4;36;1mSQL (0.0ms)[0m   [0;1mSET NAMES 'utf8'[0m
  [4;35;1mSQL (0.0ms)[0m   [0mSET SQL_AUTO_IS_NULL=0[0m


Processing Admin::SessionsController#create (for 127.0.0.1 at 2010-11-09 12:28:33) [POST]
  Parameters: {"name"=>"admin", "commit"=>"登录", "authenticity_token"=>"k50eUhQ70aY4yfe8mWYKIjqIgrELjabYMxzY4y12HP0=", "password"=>"1"}
  [4;36;1mAdministrator Columns (0.0ms)[0m   [0;1mSHOW FIELDS FROM `administrators`[0m
  [4;35;1mAdministrator Load (0.0ms)[0m   [0mSELECT * FROM `administrators` WHERE (`administrators`.`name` = 'admin') LIMIT 1[0m
Redirected to http://localhost:3001/admin/sessions/home
Completed in 47ms (DB: 0) | 302 Found [http://localhost/admin/sessions]
  [4;36;1mSQL (0.0ms)[0m   [0;1mSET NAMES 'utf8'[0m
  [4;35;1mSQL (0.0ms)[0m   [0mSET SQL_AUTO_IS_NULL=0[0m


Processing Admin::SessionsController#home (for 127.0.0.1 at 2010-11-09 12:28:33) [GET]
Rendering template within layouts/admin/base
Rendering admin/sessions/home
Rendered admin/shared/_submenu (16.0ms)
Completed in 63ms (View: 63, DB: 0) | 200 OK [http://localhost/admin/sessions/home]
  [4;36;1mSQL (0.0ms)[0m   [0;1mSET NAMES 'utf8'[0m
  [4;35;1mSQL (0.0ms)[0m   [0mSET SQL_AUTO_IS_NULL=0[0m


Processing ApplicationController#index (for 127.0.0.1 at 2010-11-09 12:28:33) [GET]

ActionController::RoutingError (No route matches "/javascripts/dialog.js" with {:method=>:get}):
  C:/ruby/rubysoftware/ruby-1.8.7/lib/ruby/1.8/webrick/httpserver.rb:104:in `service'
  C:/ruby/rubysoftware/ruby-1.8.7/lib/ruby/1.8/webrick/httpserver.rb:65:in `run'
  C:/ruby/rubysoftware/ruby-1.8.7/lib/ruby/1.8/webrick/server.rb:173:in `start_thread'
  C:/ruby/rubysoftware/ruby-1.8.7/lib/ruby/1.8/webrick/server.rb:162:in `start'
  C:/ruby/rubysoftware/ruby-1.8.7/lib/ruby/1.8/webrick/server.rb:162:in `start_thread'
  C:/ruby/rubysoftware/ruby-1.8.7/lib/ruby/1.8/webrick/server.rb:95:in `start'
  C:/ruby/rubysoftware/ruby-1.8.7/lib/ruby/1.8/webrick/server.rb:92:in `each'
  C:/ruby/rubysoftware/ruby-1.8.7/lib/ruby/1.8/webrick/server.rb:92:in `start'
  C:/ruby/rubysoftware/ruby-1.8.7/lib/ruby/1.8/webrick/server.rb:23:in `start'
  C:/ruby/rubysoftware/ruby-1.8.7/lib/ruby/1.8/webrick/server.rb:82:in `start'

Rendering rescues/layout (not_found)
  [4;36;1mSQL (0.0ms)[0m   [0;1mSET NAMES 'utf8'[0m
  [4;35;1mSQL (0.0ms)[0m   [0mSET SQL_AUTO_IS_NULL=0[0m


Processing ApplicationController#index (for 127.0.0.1 at 2010-11-09 12:28:34) [GET]

ActionController::RoutingError (No route matches "/javascripts/dialog.js" with {:method=>:get}):
  C:/ruby/rubysoftware/ruby-1.8.7/lib/ruby/1.8/webrick/httpserver.rb:104:in `service'
  C:/ruby/rubysoftware/ruby-1.8.7/lib/ruby/1.8/webrick/httpserver.rb:65:in `run'
  C:/ruby/rubysoftware/ruby-1.8.7/lib/ruby/1.8/webrick/server.rb:173:in `start_thread'
  C:/ruby/rubysoftware/ruby-1.8.7/lib/ruby/1.8/webrick/server.rb:162:in `start'
  C:/ruby/rubysoftware/ruby-1.8.7/lib/ruby/1.8/webrick/server.rb:162:in `start_thread'
  C:/ruby/rubysoftware/ruby-1.8.7/lib/ruby/1.8/webrick/server.rb:95:in `start'
  C:/ruby/rubysoftware/ruby-1.8.7/lib/ruby/1.8/webrick/server.rb:92:in `each'
  C:/ruby/rubysoftware/ruby-1.8.7/lib/ruby/1.8/webrick/server.rb:92:in `start'
  C:/ruby/rubysoftware/ruby-1.8.7/lib/ruby/1.8/webrick/server.rb:23:in `start'
  C:/ruby/rubysoftware/ruby-1.8.7/lib/ruby/1.8/webrick/server.rb:82:in `start'

Rendering rescues/layout (not_found)
  [4;36;1mSQL (0.0ms)[0m   [0;1mSET NAMES 'utf8'[0m
  [4;35;1mSQL (0.0ms)[0m   [0mSET SQL_AUTO_IS_NULL=0[0m


Processing Admin::SessionsController#home (for 127.0.0.1 at 2010-11-09 12:29:03) [GET]
Rendering template within layouts/admin/base
Rendering admin/sessions/home
Rendered admin/shared/_submenu (0.0ms)
Completed in 140ms (View: 140, DB: 0) | 200 OK [http://localhost/admin/sessions/home]
  [4;36;1mSQL (0.0ms)[0m   [0;1mSET NAMES 'utf8'[0m
  [4;35;1mSQL (0.0ms)[0m   [0mSET SQL_AUTO_IS_NULL=0[0m


Processing ApplicationController#index (for 127.0.0.1 at 2010-11-09 12:29:04) [GET]

ActionController::RoutingError (No route matches "/javascripts/dialog.js" with {:method=>:get}):
  C:/ruby/rubysoftware/ruby-1.8.7/lib/ruby/1.8/webrick/httpserver.rb:104:in `service'
  C:/ruby/rubysoftware/ruby-1.8.7/lib/ruby/1.8/webrick/httpserver.rb:65:in `run'
  C:/ruby/rubysoftware/ruby-1.8.7/lib/ruby/1.8/webrick/server.rb:173:in `start_thread'
  C:/ruby/rubysoftware/ruby-1.8.7/lib/ruby/1.8/webrick/server.rb:162:in `start'
  C:/ruby/rubysoftware/ruby-1.8.7/lib/ruby/1.8/webrick/server.rb:162:in `start_thread'
  C:/ruby/rubysoftware/ruby-1.8.7/lib/ruby/1.8/webrick/server.rb:95:in `start'
  C:/ruby/rubysoftware/ruby-1.8.7/lib/ruby/1.8/webrick/server.rb:92:in `each'
  C:/ruby/rubysoftware/ruby-1.8.7/lib/ruby/1.8/webrick/server.rb:92:in `start'
  C:/ruby/rubysoftware/ruby-1.8.7/lib/ruby/1.8/webrick/server.rb:23:in `start'
  C:/ruby/rubysoftware/ruby-1.8.7/lib/ruby/1.8/webrick/server.rb:82:in `start'

Rendering rescues/layout (not_found)
  [4;36;1mSQL (0.0ms)[0m   [0;1mSET NAMES 'utf8'[0m
  [4;35;1mSQL (0.0ms)[0m   [0mSET SQL_AUTO_IS_NULL=0[0m


Processing Admin::SessionsController#home (for 127.0.0.1 at 2010-11-09 12:30:25) [GET]
Rendering template within layouts/admin/base
Rendering admin/sessions/home
Rendered admin/shared/_submenu (0.0ms)
Completed in 47ms (View: 47, DB: 0) | 200 OK [http://localhost/admin/sessions/home]
  [4;36;1mSQL (0.0ms)[0m   [0;1mSET NAMES 'utf8'[0m
  [4;35;1mSQL (0.0ms)[0m   [0mSET SQL_AUTO_IS_NULL=0[0m


Processing ApplicationController#index (for 127.0.0.1 at 2010-11-09 12:30:26) [GET]

ActionController::RoutingError (No route matches "/javascripts/dialog.js" with {:method=>:get}):
  C:/ruby/rubysoftware/ruby-1.8.7/lib/ruby/1.8/webrick/httpserver.rb:104:in `service'
  C:/ruby/rubysoftware/ruby-1.8.7/lib/ruby/1.8/webrick/httpserver.rb:65:in `run'
  C:/ruby/rubysoftware/ruby-1.8.7/lib/ruby/1.8/webrick/server.rb:173:in `start_thread'
  C:/ruby/rubysoftware/ruby-1.8.7/lib/ruby/1.8/webrick/server.rb:162:in `start'
  C:/ruby/rubysoftware/ruby-1.8.7/lib/ruby/1.8/webrick/server.rb:162:in `start_thread'
  C:/ruby/rubysoftware/ruby-1.8.7/lib/ruby/1.8/webrick/server.rb:95:in `start'
  C:/ruby/rubysoftware/ruby-1.8.7/lib/ruby/1.8/webrick/server.rb:92:in `each'
  C:/ruby/rubysoftware/ruby-1.8.7/lib/ruby/1.8/webrick/server.rb:92:in `start'
  C:/ruby/rubysoftware/ruby-1.8.7/lib/ruby/1.8/webrick/server.rb:23:in `start'
  C:/ruby/rubysoftware/ruby-1.8.7/lib/ruby/1.8/webrick/server.rb:82:in `start'

Rendering rescues/layout (not_found)
  [4;36;1mSQL (0.0ms)[0m   [0;1mSET NAMES 'utf8'[0m
  [4;35;1mSQL (0.0ms)[0m   [0mSET SQL_AUTO_IS_NULL=0[0m


Processing ApplicationController#index (for 127.0.0.1 at 2010-11-09 12:30:27) [GET]

ActionController::RoutingError (No route matches "/javascripts/dialog.js" with {:method=>:get}):
  C:/ruby/rubysoftware/ruby-1.8.7/lib/ruby/1.8/webrick/httpserver.rb:104:in `service'
  C:/ruby/rubysoftware/ruby-1.8.7/lib/ruby/1.8/webrick/httpserver.rb:65:in `run'
  C:/ruby/rubysoftware/ruby-1.8.7/lib/ruby/1.8/webrick/server.rb:173:in `start_thread'
  C:/ruby/rubysoftware/ruby-1.8.7/lib/ruby/1.8/webrick/server.rb:162:in `start'
  C:/ruby/rubysoftware/ruby-1.8.7/lib/ruby/1.8/webrick/server.rb:162:in `start_thread'
  C:/ruby/rubysoftware/ruby-1.8.7/lib/ruby/1.8/webrick/server.rb:95:in `start'
  C:/ruby/rubysoftware/ruby-1.8.7/lib/ruby/1.8/webrick/server.rb:92:in `each'
  C:/ruby/rubysoftware/ruby-1.8.7/lib/ruby/1.8/webrick/server.rb:92:in `start'
  C:/ruby/rubysoftware/ruby-1.8.7/lib/ruby/1.8/webrick/server.rb:23:in `start'
  C:/ruby/rubysoftware/ruby-1.8.7/lib/ruby/1.8/webrick/server.rb:82:in `start'

Rendering rescues/layout (not_found)
  [4;36;1mSQL (0.0ms)[0m   [0;1mSET NAMES 'utf8'[0m
  [4;35;1mSQL (0.0ms)[0m   [0mSET SQL_AUTO_IS_NULL=0[0m


Processing Admin::SessionsController#home (for 127.0.0.1 at 2010-11-09 12:30:28) [GET]
Rendering template within layouts/admin/base
Rendering admin/sessions/home
Rendered admin/shared/_submenu (0.0ms)
Completed in 47ms (View: 47, DB: 0) | 200 OK [http://localhost/admin/sessions/home]
  [4;36;1mSQL (0.0ms)[0m   [0;1mSET NAMES 'utf8'[0m
  [4;35;1mSQL (0.0ms)[0m   [0mSET SQL_AUTO_IS_NULL=0[0m


Processing ApplicationController#index (for 127.0.0.1 at 2010-11-09 12:30:28) [GET]

ActionController::RoutingError (No route matches "/javascripts/dialog.js" with {:method=>:get}):
  C:/ruby/rubysoftware/ruby-1.8.7/lib/ruby/1.8/webrick/httpserver.rb:104:in `service'
  C:/ruby/rubysoftware/ruby-1.8.7/lib/ruby/1.8/webrick/httpserver.rb:65:in `run'
  C:/ruby/rubysoftware/ruby-1.8.7/lib/ruby/1.8/webrick/server.rb:173:in `start_thread'
  C:/ruby/rubysoftware/ruby-1.8.7/lib/ruby/1.8/webrick/server.rb:162:in `start'
  C:/ruby/rubysoftware/ruby-1.8.7/lib/ruby/1.8/webrick/server.rb:162:in `start_thread'
  C:/ruby/rubysoftware/ruby-1.8.7/lib/ruby/1.8/webrick/server.rb:95:in `start'
  C:/ruby/rubysoftware/ruby-1.8.7/lib/ruby/1.8/webrick/server.rb:92:in `each'
  C:/ruby/rubysoftware/ruby-1.8.7/lib/ruby/1.8/webrick/server.rb:92:in `start'
  C:/ruby/rubysoftware/ruby-1.8.7/lib/ruby/1.8/webrick/server.rb:23:in `start'
  C:/ruby/rubysoftware/ruby-1.8.7/lib/ruby/1.8/webrick/server.rb:82:in `start'

Rendering rescues/layout (not_found)
  [4;36;1mSQL (0.0ms)[0m   [0;1mSET NAMES 'utf8'[0m
  [4;35;1mSQL (0.0ms)[0m   [0mSET SQL_AUTO_IS_NULL=0[0m


Processing Admin::SessionsController#new (for 127.0.0.1 at 2010-11-16 12:02:19) [GET]
Rendering template within layouts/admin/login
Rendering admin/sessions/new
Completed in 393ms (View: 389, DB: 0) | 200 OK [http://localhost/]
  [4;36;1mSQL (0.0ms)[0m   [0;1mSET NAMES 'utf8'[0m
  [4;35;1mSQL (0.0ms)[0m   [0mSET SQL_AUTO_IS_NULL=0[0m


Processing Admin::SessionsController#new (for 127.0.0.1 at 2010-11-16 12:03:36) [GET]
Rendering template within layouts/admin/login
Rendering admin/sessions/new
Completed in 10ms (View: 8, DB: 0) | 200 OK [http://localhost/]
  [4;36;1mSQL (0.0ms)[0m   [0;1mSET NAMES 'utf8'[0m
  [4;35;1mSQL (2.0ms)[0m   [0mSET SQL_AUTO_IS_NULL=0[0m


Processing Admin::SessionsController#new (for 127.0.0.1 at 2010-11-16 12:05:32) [GET]
Rendering template within layouts/admin/login
Rendering admin/sessions/new
Completed in 14ms (View: 10, DB: 2) | 200 OK [http://localhost/]
  [4;36;1mSQL (0.0ms)[0m   [0;1mSET NAMES 'utf8'[0m
  [4;35;1mSQL (0.0ms)[0m   [0mSET SQL_AUTO_IS_NULL=0[0m


Processing TopsController#index (for 127.0.0.1 at 2010-11-16 12:05:59) [GET]
Rendering template within layouts/application
Rendering tops/index
Completed in 20ms (View: 18, DB: 0) | 200 OK [http://localhost/]
  [4;36;1mSQL (0.0ms)[0m   [0;1mSET NAMES 'utf8'[0m
  [4;35;1mSQL (0.0ms)[0m   [0mSET SQL_AUTO_IS_NULL=0[0m


Processing Admin::SessionsController#new (for 127.0.0.1 at 2010-11-16 12:06:01) [GET]
Rendering template within layouts/admin/login
Rendering admin/sessions/new
Completed in 14ms (View: 10, DB: 0) | 200 OK [http://localhost/admin/sessions/new]
  [4;36;1mSQL (1.0ms)[0m   [0;1mSET NAMES 'utf8'[0m
  [4;35;1mSQL (1.0ms)[0m   [0mSET SQL_AUTO_IS_NULL=0[0m


Processing TopsController#index (for 127.0.0.1 at 2010-11-16 12:54:54) [GET]
Rendering template within layouts/application
Rendering tops/index
Completed in 5ms (View: 3, DB: 2) | 200 OK [http://localhost/]
  [4;36;1mSQL (0.0ms)[0m   [0;1mSET NAMES 'utf8'[0m
  [4;35;1mSQL (0.0ms)[0m   [0mSET SQL_AUTO_IS_NULL=0[0m


Processing Admin::SessionsController#new (for 127.0.0.1 at 2010-11-16 12:54:56) [GET]
Rendering template within layouts/admin/login
Rendering admin/sessions/new
Completed in 10ms (View: 7, DB: 0) | 200 OK [http://localhost/admin/sessions/new]
